[INFO] Scanning for projects...
[INFO] 
[INFO] ----------------------< com.fashion:supplychain >-----------------------
[INFO] Building fashion-supplychain-backend 0.0.1-SNAPSHOT
[INFO]   from pom.xml
[INFO] --------------------------------[ jar ]---------------------------------
[INFO] 
[INFO] >>> spring-boot:2.7.18:run (default-cli) > test-compile @ supplychain >>>
[INFO] 
[INFO] --- jacoco:0.8.11:prepare-agent (default) @ supplychain ---
[INFO] argLine set to -javaagent:/Users/guojunmini4/.m2/repository/org/jacoco/org.jacoco.agent/0.8.11/org.jacoco.agent-0.8.11-runtime.jar=destfile=/Users/guojunmini4/Documents/æœè£…66666/backend/target/jacoco.exec
[INFO] 
[INFO] --- resources:3.2.0:resources (default-resources) @ supplychain ---
[INFO] Using 'UTF-8' encoding to copy filtered resources.
[INFO] Using 'UTF-8' encoding to copy filtered properties files.
[INFO] Copying 3 resources
[INFO] Copying 23 resources
[INFO] 
[INFO] --- compiler:3.14.1:compile (default-compile) @ supplychain ---
[INFO] Recompiling the module because of changed source code.
[INFO] Compiling 397 source files with javac [debug parameters release 21] to target/classes
[WARNING] æœªçŸ¥çš„æšä¸¾å¸¸é‡ javax.annotation.meta.When.MAYBE
  åŸå› : æ‰¾ä¸åˆ°javax.annotation.meta.Whençš„ç±»æ–‡ä»¶
[WARNING] æœªçŸ¥çš„æšä¸¾å¸¸é‡ javax.annotation.meta.When.MAYBE
  åŸå› : æ‰¾ä¸åˆ°javax.annotation.meta.Whençš„ç±»æ–‡ä»¶
[WARNING] æœªçŸ¥çš„æšä¸¾å¸¸é‡ javax.annotation.meta.When.MAYBE
  åŸå› : æ‰¾ä¸åˆ°javax.annotation.meta.Whençš„ç±»æ–‡ä»¶
[WARNING] æœªçŸ¥çš„æšä¸¾å¸¸é‡ javax.annotation.meta.When.MAYBE
  åŸå› : æ‰¾ä¸åˆ°javax.annotation.meta.Whençš„ç±»æ–‡ä»¶
[WARNING] æœªçŸ¥çš„æšä¸¾å¸¸é‡ javax.annotation.meta.When.MAYBE
  åŸå› : æ‰¾ä¸åˆ°javax.annotation.meta.Whençš„ç±»æ–‡ä»¶
[INFO] /Users/guojunmini4/Documents/æœè£…66666/backend/src/main/java/com/fashion/supplychain/production/controller/PatternProductionController.java: æŸäº›è¾“å…¥æ–‡ä»¶ä½¿ç”¨äº†æœªç»æ£€æŸ¥æˆ–ä¸å®‰å…¨çš„æ“ä½œã€‚
[INFO] /Users/guojunmini4/Documents/æœè£…66666/backend/src/main/java/com/fashion/supplychain/production/controller/PatternProductionController.java: æœ‰å…³è¯¦ç»†ä¿¡æ¯, è¯·ä½¿ç”¨ -Xlint:unchecked é‡æ–°ç¼–è¯‘ã€‚
[INFO] 
[INFO] --- resources:3.2.0:testResources (default-testResources) @ supplychain ---
[INFO] Using 'UTF-8' encoding to copy filtered resources.
[INFO] Using 'UTF-8' encoding to copy filtered properties files.
[INFO] Copying 1 resource
[INFO] 
[INFO] --- compiler:3.14.1:testCompile (default-testCompile) @ supplychain ---
[INFO] Recompiling the module because of changed dependency.
[INFO] Compiling 31 source files with javac [debug parameters release 21] to target/test-classes
[INFO] /Users/guojunmini4/Documents/æœè£…66666/backend/src/test/java/com/fashion/supplychain/common/util/BatchQueryUtilTest.java: æŸäº›è¾“å…¥æ–‡ä»¶ä½¿ç”¨äº†æœªç»æ£€æŸ¥æˆ–ä¸å®‰å…¨çš„æ“ä½œã€‚
[INFO] /Users/guojunmini4/Documents/æœè£…66666/backend/src/test/java/com/fashion/supplychain/common/util/BatchQueryUtilTest.java: æœ‰å…³è¯¦ç»†ä¿¡æ¯, è¯·ä½¿ç”¨ -Xlint:unchecked é‡æ–°ç¼–è¯‘ã€‚
[INFO] 
[INFO] <<< spring-boot:2.7.18:run (default-cli) < test-compile @ supplychain <<<
[INFO] 
[INFO] 
[INFO] --- spring-boot:2.7.18:run (default-cli) @ supplychain ---
[INFO] Attaching agents: []

  .   ____          _            __ _ _
 /\\ / ___'_ __ _ _(_)_ __  __ _ \ \ \ \
( ( )\___ | '_ | '_| | '_ \/ _` | \ \ \ \
 \\/  ___)| |_)| | | | | || (_| |  ) ) ) )
  '  |____| .__|_| |_|_| |_\__, | / / / /
 =========|_|==============|___/=/_/_/_/
[32m :: Spring Boot :: [39m             [2m (v2.7.18)[0;39m

2026-02-06 02:04:56.481 [main] INFO  [requestId:] c.f.s.FashionSupplychainApplication - Starting FashionSupplychainApplication using Java 23.0.2 on Mac.lan with PID 13046 (/Users/guojunmini4/Documents/æœè£…66666/backend/target/classes started by guojunmini4 in /Users/guojunmini4/Documents/æœè£…66666/backend)
2026-02-06 02:04:56.503 [main] DEBUG [requestId:] c.f.s.FashionSupplychainApplication - Running with Spring Boot v2.7.18, Spring v5.3.31
2026-02-06 02:04:56.504 [main] INFO  [requestId:] c.f.s.FashionSupplychainApplication - No active profile set, falling back to 1 default profile: "default"
2026-02-06 02:04:58.235 [main] INFO  [requestId:] o.s.d.r.c.RepositoryConfigurationDelegate - Multiple Spring Data modules found, entering strict repository configuration mode
2026-02-06 02:04:58.237 [main] INFO  [requestId:] o.s.d.r.c.RepositoryConfigurationDelegate - Bootstrapping Spring Data Redis repositories in DEFAULT mode.
2026-02-06 02:04:58.264 [main] INFO  [requestId:] o.s.d.r.c.RepositoryConfigurationDelegate - Finished Spring Data repository scanning in 11 ms. Found 0 Redis repository interfaces.
2026-02-06 02:04:58.912 [main] INFO  [requestId:] o.s.b.w.e.tomcat.TomcatWebServer - Tomcat initialized with port(s): 8088 (http)
2026-02-06 02:04:58.922 [main] INFO  [requestId:] o.a.catalina.core.StandardService - Starting service [Tomcat]
2026-02-06 02:04:58.922 [main] INFO  [requestId:] o.a.catalina.core.StandardEngine - Starting Servlet engine: [Apache Tomcat/9.0.83]
2026-02-06 02:04:59.029 [main] INFO  [requestId:] o.a.c.c.C.[Tomcat].[localhost].[/] - Initializing Spring embedded WebApplicationContext
2026-02-06 02:04:59.029 [main] INFO  [requestId:] o.s.b.w.s.c.ServletWebServerApplicationContext - Root WebApplicationContext: initialization completed in 2374 ms
 _ _   |_  _ _|_. ___ _ |    _ 
| | |\/|_)(_| | |_\  |_)||_|_\ 
     /               |         
                        3.5.7 
2026-02-06 02:05:00.479 [main] WARN  [requestId:] c.b.m.core.metadata.TableInfoHelper - Can not find table primary key in Class: "com.fashion.supplychain.finance.entity.FinishedProductSettlement".
2026-02-06 02:05:00.479 [main] WARN  [requestId:] c.b.m.c.injector.DefaultSqlInjector - class com.fashion.supplychain.finance.entity.FinishedProductSettlement ,Not found @TableId annotation, Cannot use Mybatis-Plus 'xxById' Method.
2026-02-06 02:05:01.240 [main] WARN  [requestId:] o.s.b.a.s.s.UserDetailsServiceAutoConfiguration - 

Using generated security password: f4d48d70-c4e2-4e23-9601-776553bc1e8f

This generated password is for development use only. Your security configuration must be updated before running your application in production.

2026-02-06 02:05:01.678 [main] INFO  [requestId:] o.s.b.a.e.web.EndpointLinksResolver - Exposing 4 endpoint(s) beneath base path '/actuator'
2026-02-06 02:05:01.750 [main] WARN  [requestId:] o.s.b.w.s.c.AnnotationConfigServletWebServerApplicationContext - Exception encountered during context initialization - cancelling refresh attempt: org.springframework.context.ApplicationContextException: Failed to start bean 'webServerStartStop'; nested exception is org.springframework.boot.web.server.PortInUseException: Port 8088 is already in use
2026-02-06 02:05:01.761 [main] INFO  [requestId:] o.a.catalina.core.StandardService - Stopping service [Tomcat]
2026-02-06 02:05:01.773 [main] INFO  [requestId:] o.s.b.a.l.ConditionEvaluationReportLoggingListener - 

Error starting ApplicationContext. To display the conditions report re-run your application with 'debug' enabled.
2026-02-06 02:05:01.793 [main] ERROR [requestId:] o.s.b.d.LoggingFailureAnalysisReporter - 

***************************
APPLICATION FAILED TO START
***************************

Description:

Web server failed to start. Port 8088 was already in use.

Action:

Identify and stop the process that's listening on port 8088 or configure this application to listen on another port.

[INFO] ------------------------------------------------------------------------
[INFO] BUILD FAILURE
[INFO] ------------------------------------------------------------------------
[INFO] Total time:  23.890 s
[INFO] Finished at: 2026-02-06T02:05:02+08:00
[INFO] ------------------------------------------------------------------------
[ERROR] Failed to execute goal org.springframework.boot:spring-boot-maven-plugin:2.7.18:run (default-cli) on project supplychain: Application finished with exit code: 1 -> [Help 1]
[ERROR] 
[ERROR] To see the full stack trace of the errors, re-run Maven with the -e switch.
[ERROR] Re-run Maven using the -X switch to enable full debug logging.
[ERROR] 
[ERROR] For more information about the errors and possible solutions, please read the following articles:
[ERROR] [Help 1] http://cwiki.apache.org/confluence/display/MAVEN/MojoExecutionException
